app/build/intermediates/manifest_merge_blame_file/debug/manifest-merger-blame-debug-report.txt
1<?xml version="1.0" encoding="utf-8"?>
2<manifest xmlns:android="http://schemas.android.com/apk/res/android"
3    package="com.example.swiftshare"
4    android:versionCode="1"
5    android:versionName="1.0" >
6
7    <uses-sdk
8        android:minSdkVersion="29"
9        android:targetSdkVersion="35" />
10
11    <uses-feature
11-->src\main\AndroidManifest.xml:7:5-85
12        android:name="android.hardware.camera"
12-->src\main\AndroidManifest.xml:7:19-57
13        android:required="false" />
13-->src\main\AndroidManifest.xml:7:58-82
14
15    <uses-permission android:name="android.permission.CAMERA" />
15-->src\main\AndroidManifest.xml:8:5-65
15-->src\main\AndroidManifest.xml:8:22-62
16
17    <!-- ===== Nearby Connections discovery/advertising (PRD Section 12) ===== -->
18    <uses-permission
18-->src\main\AndroidManifest.xml:11:5-13:31
19        android:name="android.permission.BLUETOOTH_SCAN"
19-->src\main\AndroidManifest.xml:11:22-70
20        android:usesPermissionFlags="neverForLocation" />
20-->src\main\AndroidManifest.xml:12:9-55
21    <uses-permission
21-->src\main\AndroidManifest.xml:15:5-17:38
22        android:name="android.permission.BLUETOOTH"
22-->src\main\AndroidManifest.xml:16:9-52
23        android:maxSdkVersion="30" />
23-->src\main\AndroidManifest.xml:17:9-35
24    <uses-permission
24-->src\main\AndroidManifest.xml:19:5-21:38
25        android:name="android.permission.BLUETOOTH_ADMIN"
25-->src\main\AndroidManifest.xml:20:9-58
26        android:maxSdkVersion="30" />
26-->src\main\AndroidManifest.xml:21:9-35
27    <uses-permission android:name="android.permission.BLUETOOTH_ADVERTISE" />
27-->src\main\AndroidManifest.xml:23:5-98
27-->src\main\AndroidManifest.xml:23:22-75
28    <uses-permission android:name="android.permission.BLUETOOTH_CONNECT" />
28-->src\main\AndroidManifest.xml:24:5-96
28-->src\main\AndroidManifest.xml:24:22-73
29
30    <!-- Legacy scanning permission, required on API 29–32 on some OEMs -->
31    <uses-permission
31-->src\main\AndroidManifest.xml:27:5-28:38
32        android:name="android.permission.ACCESS_FINE_LOCATION"
32-->src\main\AndroidManifest.xml:27:22-76
33        android:maxSdkVersion="32" />
33-->src\main\AndroidManifest.xml:28:9-35
34    <uses-permission
34-->src\main\AndroidManifest.xml:29:5-31:38
35        android:name="android.permission.ACCESS_COARSE_LOCATION"
35-->src\main\AndroidManifest.xml:30:9-65
36        android:maxSdkVersion="32" />
36-->src\main\AndroidManifest.xml:31:9-35
37
38    <!-- Wi-Fi Direct / Wi-Fi Aware mediums -->
39    <uses-permission android:name="android.permission.ACCESS_WIFI_STATE" />
39-->src\main\AndroidManifest.xml:34:5-76
39-->src\main\AndroidManifest.xml:34:22-73
40    <uses-permission android:name="android.permission.CHANGE_WIFI_STATE" />
40-->src\main\AndroidManifest.xml:35:5-76
40-->src\main\AndroidManifest.xml:35:22-73
41
42    <!-- Replaces location-based justification for Wi-Fi-based discovery on API 33+ -->
43    <uses-permission
43-->src\main\AndroidManifest.xml:38:5-40:38
44        android:name="android.permission.NEARBY_WIFI_DEVICES"
44-->src\main\AndroidManifest.xml:38:22-75
45        android:usesPermissionFlags="neverForLocation" />
45-->src\main\AndroidManifest.xml:39:9-55
46
47    <!-- Transfer progress notifications (requested contextually, PRD 2.15) -->
48    <uses-permission android:name="android.permission.POST_NOTIFICATIONS" />
48-->src\main\AndroidManifest.xml:43:5-77
48-->src\main\AndroidManifest.xml:43:22-74
49
50    <!-- Background transfer continuation (PRD 2.9, Section 11 — activated in Phase 9) -->
51    <uses-permission android:name="android.permission.FOREGROUND_SERVICE" />
51-->src\main\AndroidManifest.xml:46:5-77
51-->src\main\AndroidManifest.xml:46:22-74
52    <uses-permission android:name="android.permission.FOREGROUND_SERVICE_DATA_SYNC" />
52-->src\main\AndroidManifest.xml:47:5-87
52-->src\main\AndroidManifest.xml:47:22-84
53    <uses-permission
53-->src\main\AndroidManifest.xml:49:5-50:38
54        android:name="android.permission.WRITE_EXTERNAL_STORAGE"
54-->src\main\AndroidManifest.xml:49:22-78
55        android:maxSdkVersion="28" />
55-->src\main\AndroidManifest.xml:50:9-35
56    <uses-permission android:name="android.permission.ACCESS_MEDIA_LOCATION" />
56-->src\main\AndroidManifest.xml:52:5-80
56-->src\main\AndroidManifest.xml:52:22-77
57    <uses-permission android:name="android.permission.ACCESS_NETWORK_STATE" />
57-->[com.google.android.gms:play-services-nearby:19.3.0] AndroidManifest.xml:6:5-79
57-->[com.google.android.gms:play-services-nearby:19.3.0] AndroidManifest.xml:6:22-76
58
59    <permission
59-->[androidx.core:core:1.13.1] AndroidManifest.xml:22:5-24:47
60        android:name="com.example.swiftshare.DYNAMIC_RECEIVER_NOT_EXPORTED_PERMISSION"
60-->[androidx.core:core:1.13.1] AndroidManifest.xml:23:9-81
61        android:protectionLevel="signature" />
61-->[androidx.core:core:1.13.1] AndroidManifest.xml:24:9-44
62
63    <uses-permission android:name="com.example.swiftshare.DYNAMIC_RECEIVER_NOT_EXPORTED_PERMISSION" />
63-->[androidx.core:core:1.13.1] AndroidManifest.xml:26:5-97
63-->[androidx.core:core:1.13.1] AndroidManifest.xml:26:22-94
64    <uses-permission android:name="android.permission.INTERNET" />
64-->[com.google.android.datatransport:transport-backend-cct:2.3.3] AndroidManifest.xml:26:5-67
64-->[com.google.android.datatransport:transport-backend-cct:2.3.3] AndroidManifest.xml:26:22-64
65
66    <application
66-->src\main\AndroidManifest.xml:54:5-79:19
67        android:name="com.example.swiftshare.MyApplication"
67-->src\main\AndroidManifest.xml:55:9-38
68        android:allowBackup="true"
68-->src\main\AndroidManifest.xml:56:9-35
69        android:appComponentFactory="androidx.core.app.CoreComponentFactory"
69-->[androidx.core:core:1.13.1] AndroidManifest.xml:28:18-86
70        android:dataExtractionRules="@xml/data_extraction_rules"
70-->src\main\AndroidManifest.xml:57:9-65
71        android:debuggable="true"
72        android:extractNativeLibs="false"
73        android:fullBackupContent="@xml/backup_rules"
73-->src\main\AndroidManifest.xml:58:9-54
74        android:icon="@mipmap/ic_launcher"
74-->src\main\AndroidManifest.xml:60:9-43
75        android:label="@string/app_name"
75-->src\main\AndroidManifest.xml:61:9-41
76        android:requestLegacyExternalStorage="true"
76-->src\main\AndroidManifest.xml:59:9-52
77        android:roundIcon="@mipmap/ic_launcher_round"
77-->src\main\AndroidManifest.xml:62:9-54
78        android:supportsRtl="true"
78-->src\main\AndroidManifest.xml:63:9-35
79        android:testOnly="true"
80        android:theme="@style/Theme.MyBoilerplate" >
80-->src\main\AndroidManifest.xml:64:9-51
81        <activity
81-->src\main\AndroidManifest.xml:67:9-77:20
82            android:name="com.example.swiftshare.MainActivity"
82-->src\main\AndroidManifest.xml:68:13-41
83            android:exported="true"
83-->src\main\AndroidManifest.xml:69:13-36
84            android:theme="@style/Theme.MyBoilerplate" >
84-->src\main\AndroidManifest.xml:70:13-55
85            <intent-filter>
85-->src\main\AndroidManifest.xml:72:13-75:29
86                <action android:name="android.intent.action.MAIN" />
86-->src\main\AndroidManifest.xml:73:17-69
86-->src\main\AndroidManifest.xml:73:25-66
87
88                <category android:name="android.intent.category.LAUNCHER" />
88-->src\main\AndroidManifest.xml:74:17-77
88-->src\main\AndroidManifest.xml:74:27-74
89            </intent-filter>
90        </activity>
91
92        <service
92-->[androidx.camera:camera-camera2:1.4.1] AndroidManifest.xml:24:9-33:19
93            android:name="androidx.camera.core.impl.MetadataHolderService"
93-->[androidx.camera:camera-camera2:1.4.1] AndroidManifest.xml:25:13-75
94            android:enabled="false"
94-->[androidx.camera:camera-camera2:1.4.1] AndroidManifest.xml:26:13-36
95            android:exported="false" >
95-->[androidx.camera:camera-camera2:1.4.1] AndroidManifest.xml:27:13-37
96            <meta-data
96-->[androidx.camera:camera-camera2:1.4.1] AndroidManifest.xml:30:13-32:89
97                android:name="androidx.camera.core.impl.MetadataHolderService.DEFAULT_CONFIG_PROVIDER"
97-->[androidx.camera:camera-camera2:1.4.1] AndroidManifest.xml:31:17-103
98                android:value="androidx.camera.camera2.Camera2Config$DefaultProvider" />
98-->[androidx.camera:camera-camera2:1.4.1] AndroidManifest.xml:32:17-86
99        </service>
100        <service
100-->[com.google.android.gms:play-services-mlkit-barcode-scanning:18.3.1] AndroidManifest.xml:9:9-15:19
101            android:name="com.google.mlkit.common.internal.MlKitComponentDiscoveryService"
101-->[com.google.android.gms:play-services-mlkit-barcode-scanning:18.3.1] AndroidManifest.xml:10:13-91
102            android:directBootAware="true"
102-->[com.google.mlkit:common:18.11.0] AndroidManifest.xml:17:13-43
103            android:exported="false" >
103-->[com.google.android.gms:play-services-mlkit-barcode-scanning:18.3.1] AndroidManifest.xml:11:13-37
104            <meta-data
104-->[com.google.android.gms:play-services-mlkit-barcode-scanning:18.3.1] AndroidManifest.xml:12:13-14:85
105                android:name="com.google.firebase.components:com.google.mlkit.vision.barcode.internal.BarcodeRegistrar"
105-->[com.google.android.gms:play-services-mlkit-barcode-scanning:18.3.1] AndroidManifest.xml:13:17-120
106                android:value="com.google.firebase.components.ComponentRegistrar" />
106-->[com.google.android.gms:play-services-mlkit-barcode-scanning:18.3.1] AndroidManifest.xml:14:17-82
107            <meta-data
107-->[com.google.mlkit:vision-common:17.3.0] AndroidManifest.xml:12:13-14:85
108                android:name="com.google.firebase.components:com.google.mlkit.vision.common.internal.VisionCommonRegistrar"
108-->[com.google.mlkit:vision-common:17.3.0] AndroidManifest.xml:13:17-124
109                android:value="com.google.firebase.components.ComponentRegistrar" />
109-->[com.google.mlkit:vision-common:17.3.0] AndroidManifest.xml:14:17-82
110            <meta-data
110-->[com.google.mlkit:common:18.11.0] AndroidManifest.xml:20:13-22:85
111                android:name="com.google.firebase.components:com.google.mlkit.common.internal.CommonComponentRegistrar"
111-->[com.google.mlkit:common:18.11.0] AndroidManifest.xml:21:17-120
112                android:value="com.google.firebase.components.ComponentRegistrar" />
112-->[com.google.mlkit:common:18.11.0] AndroidManifest.xml:22:17-82
113        </service>
114
115        <provider
115-->[com.google.mlkit:common:18.11.0] AndroidManifest.xml:9:9-13:38
116            android:name="com.google.mlkit.common.internal.MlKitInitProvider"
116-->[com.google.mlkit:common:18.11.0] AndroidManifest.xml:10:13-78
117            android:authorities="com.example.swiftshare.mlkitinitprovider"
117-->[com.google.mlkit:common:18.11.0] AndroidManifest.xml:11:13-69
118            android:exported="false"
118-->[com.google.mlkit:common:18.11.0] AndroidManifest.xml:12:13-37
119            android:initOrder="99" />
119-->[com.google.mlkit:common:18.11.0] AndroidManifest.xml:13:13-35
120
121        <service
121-->[com.google.android.gms:play-services-nearby:19.3.0] AndroidManifest.xml:9:9-214
122            android:name="com.google.android.gms.nearby.exposurenotification.WakeUpService"
122-->[com.google.android.gms:play-services-nearby:19.3.0] AndroidManifest.xml:9:18-97
123            android:exported="true"
123-->[com.google.android.gms:play-services-nearby:19.3.0] AndroidManifest.xml:9:98-121
124            android:permission="com.google.android.gms.nearby.exposurenotification.EXPOSURE_CALLBACK" />
124-->[com.google.android.gms:play-services-nearby:19.3.0] AndroidManifest.xml:9:122-211
125
126        <activity
126-->[com.google.android.gms:play-services-base:18.5.0] AndroidManifest.xml:5:9-173
127            android:name="com.google.android.gms.common.api.GoogleApiActivity"
127-->[com.google.android.gms:play-services-base:18.5.0] AndroidManifest.xml:5:19-85
128            android:exported="false"
128-->[com.google.android.gms:play-services-base:18.5.0] AndroidManifest.xml:5:146-170
129            android:theme="@android:style/Theme.Translucent.NoTitleBar" />
129-->[com.google.android.gms:play-services-base:18.5.0] AndroidManifest.xml:5:86-145
130
131        <provider
131-->[androidx.emoji2:emoji2:1.3.0] AndroidManifest.xml:24:9-32:20
132            android:name="androidx.startup.InitializationProvider"
132-->[androidx.emoji2:emoji2:1.3.0] AndroidManifest.xml:25:13-67
133            android:authorities="com.example.swiftshare.androidx-startup"
133-->[androidx.emoji2:emoji2:1.3.0] AndroidManifest.xml:26:13-68
134            android:exported="false" >
134-->[androidx.emoji2:emoji2:1.3.0] AndroidManifest.xml:27:13-37
135            <meta-data
135-->[androidx.emoji2:emoji2:1.3.0] AndroidManifest.xml:29:13-31:52
136                android:name="androidx.emoji2.text.EmojiCompatInitializer"
136-->[androidx.emoji2:emoji2:1.3.0] AndroidManifest.xml:30:17-75
137                android:value="androidx.startup" />
137-->[androidx.emoji2:emoji2:1.3.0] AndroidManifest.xml:31:17-49
138            <meta-data
138-->[androidx.lifecycle:lifecycle-process:2.8.7] AndroidManifest.xml:29:13-31:52
139                android:name="androidx.lifecycle.ProcessLifecycleInitializer"
139-->[androidx.lifecycle:lifecycle-process:2.8.7] AndroidManifest.xml:30:17-78
140                android:value="androidx.startup" />
140-->[androidx.lifecycle:lifecycle-process:2.8.7] AndroidManifest.xml:31:17-49
141            <meta-data
141-->[androidx.profileinstaller:profileinstaller:1.3.1] AndroidManifest.xml:29:13-31:52
142                android:name="androidx.profileinstaller.ProfileInstallerInitializer"
142-->[androidx.profileinstaller:profileinstaller:1.3.1] AndroidManifest.xml:30:17-85
143                android:value="androidx.startup" />
143-->[androidx.profileinstaller:profileinstaller:1.3.1] AndroidManifest.xml:31:17-49
144        </provider>
145
146        <uses-library
146-->[androidx.window:window:1.0.0] AndroidManifest.xml:25:9-27:40
147            android:name="androidx.window.extensions"
147-->[androidx.window:window:1.0.0] AndroidManifest.xml:26:13-54
148            android:required="false" />
148-->[androidx.window:window:1.0.0] AndroidManifest.xml:27:13-37
149        <uses-library
149-->[androidx.window:window:1.0.0] AndroidManifest.xml:28:9-30:40
150            android:name="androidx.window.sidecar"
150-->[androidx.window:window:1.0.0] AndroidManifest.xml:29:13-51
151            android:required="false" />
151-->[androidx.window:window:1.0.0] AndroidManifest.xml:30:13-37
152
153        <service
153-->[androidx.room:room-runtime:2.6.1] AndroidManifest.xml:24:9-28:63
154            android:name="androidx.room.MultiInstanceInvalidationService"
154-->[androidx.room:room-runtime:2.6.1] AndroidManifest.xml:25:13-74
155            android:directBootAware="true"
155-->[androidx.room:room-runtime:2.6.1] AndroidManifest.xml:26:13-43
156            android:exported="false" />
156-->[androidx.room:room-runtime:2.6.1] AndroidManifest.xml:27:13-37
157
158        <meta-data
158-->[com.google.android.gms:play-services-basement:18.4.0] AndroidManifest.xml:6:9-122
159            android:name="com.google.android.gms.version"
159-->[com.google.android.gms:play-services-basement:18.4.0] AndroidManifest.xml:6:20-65
160            android:value="@integer/google_play_services_version" />
160-->[com.google.android.gms:play-services-basement:18.4.0] AndroidManifest.xml:6:66-119
161
162        <receiver
162-->[androidx.profileinstaller:profileinstaller:1.3.1] AndroidManifest.xml:34:9-52:20
163            android:name="androidx.profileinstaller.ProfileInstallReceiver"
163-->[androidx.profileinstaller:profileinstaller:1.3.1] AndroidManifest.xml:35:13-76
164            android:directBootAware="false"
164-->[androidx.profileinstaller:profileinstaller:1.3.1] AndroidManifest.xml:36:13-44
165            android:enabled="true"
165-->[androidx.profileinstaller:profileinstaller:1.3.1] AndroidManifest.xml:37:13-35
166            android:exported="true"
166-->[androidx.profileinstaller:profileinstaller:1.3.1] AndroidManifest.xml:38:13-36
167            android:permission="android.permission.DUMP" >
167-->[androidx.profileinstaller:profileinstaller:1.3.1] AndroidManifest.xml:39:13-57
168            <intent-filter>
168-->[androidx.profileinstaller:profileinstaller:1.3.1] AndroidManifest.xml:40:13-42:29
169                <action android:name="androidx.profileinstaller.action.INSTALL_PROFILE" />
169-->[androidx.profileinstaller:profileinstaller:1.3.1] AndroidManifest.xml:41:17-91
169-->[androidx.profileinstaller:profileinstaller:1.3.1] AndroidManifest.xml:41:25-88
170            </intent-filter>
171            <intent-filter>
171-->[androidx.profileinstaller:profileinstaller:1.3.1] AndroidManifest.xml:43:13-45:29
172                <action android:name="androidx.profileinstaller.action.SKIP_FILE" />
172-->[androidx.profileinstaller:profileinstaller:1.3.1] AndroidManifest.xml:44:17-85
172-->[androidx.profileinstaller:profileinstaller:1.3.1] AndroidManifest.xml:44:25-82
173            </intent-filter>
174            <intent-filter>
174-->[androidx.profileinstaller:profileinstaller:1.3.1] AndroidManifest.xml:46:13-48:29
175                <action android:name="androidx.profileinstaller.action.SAVE_PROFILE" />
175-->[androidx.profileinstaller:profileinstaller:1.3.1] AndroidManifest.xml:47:17-88
175-->[androidx.profileinstaller:profileinstaller:1.3.1] AndroidManifest.xml:47:25-85
176            </intent-filter>
177            <intent-filter>
177-->[androidx.profileinstaller:profileinstaller:1.3.1] AndroidManifest.xml:49:13-51:29
178                <action android:name="androidx.profileinstaller.action.BENCHMARK_OPERATION" />
178-->[androidx.profileinstaller:profileinstaller:1.3.1] AndroidManifest.xml:50:17-95
178-->[androidx.profileinstaller:profileinstaller:1.3.1] AndroidManifest.xml:50:25-92
179            </intent-filter>
180        </receiver>
181
182        <service
182-->[com.google.android.datatransport:transport-backend-cct:2.3.3] AndroidManifest.xml:29:9-35:19
183            android:name="com.google.android.datatransport.runtime.backends.TransportBackendDiscovery"
183-->[com.google.android.datatransport:transport-backend-cct:2.3.3] AndroidManifest.xml:30:13-103
184            android:exported="false" >
184-->[com.google.android.datatransport:transport-backend-cct:2.3.3] AndroidManifest.xml:31:13-37
185            <meta-data
185-->[com.google.android.datatransport:transport-backend-cct:2.3.3] AndroidManifest.xml:32:13-34:39
186                android:name="backend:com.google.android.datatransport.cct.CctBackendFactory"
186-->[com.google.android.datatransport:transport-backend-cct:2.3.3] AndroidManifest.xml:33:17-94
187                android:value="cct" />
187-->[com.google.android.datatransport:transport-backend-cct:2.3.3] AndroidManifest.xml:34:17-36
188        </service>
189        <service
189-->[com.google.android.datatransport:transport-runtime:2.2.6] AndroidManifest.xml:26:9-30:19
190            android:name="com.google.android.datatransport.runtime.scheduling.jobscheduling.JobInfoSchedulerService"
190-->[com.google.android.datatransport:transport-runtime:2.2.6] AndroidManifest.xml:27:13-117
191            android:exported="false"
191-->[com.google.android.datatransport:transport-runtime:2.2.6] AndroidManifest.xml:28:13-37
192            android:permission="android.permission.BIND_JOB_SERVICE" >
192-->[com.google.android.datatransport:transport-runtime:2.2.6] AndroidManifest.xml:29:13-69
193        </service>
194
195        <receiver
195-->[com.google.android.datatransport:transport-runtime:2.2.6] AndroidManifest.xml:32:9-34:40
196            android:name="com.google.android.datatransport.runtime.scheduling.jobscheduling.AlarmManagerSchedulerBroadcastReceiver"
196-->[com.google.android.datatransport:transport-runtime:2.2.6] AndroidManifest.xml:33:13-132
197            android:exported="false" />
197-->[com.google.android.datatransport:transport-runtime:2.2.6] AndroidManifest.xml:34:13-37
198    </application>
199
200</manifest>